::1 - 300000000 [03/Sep/2025:21:21:48 +0000] "GET /employee HTTP/1.1" 200 2 "-" "PostmanRuntime/7.45.0"
::1 - 300000000 [03/Sep/2025:21:29:32 +0000] "GET /employee HTTP/1.1" 200 2 "-" "PostmanRuntime/7.45.0"
::1 - 300000000 [03/Sep/2025:21:31:18 +0000] "GET /employee HTTP/1.1" 200 2 "-" "PostmanRuntime/7.45.0"
::1 - 300000000 [03/Sep/2025:21:32:19 +0000] "GET /employee HTTP/1.1" 200 2 "-" "PostmanRuntime/7.45.0"
::1 - 300000000 [03/Sep/2025:21:33:26 +0000] "GET /employee HTTP/1.1" 200 2 "-" "PostmanRuntime/7.45.0"
::1 - 300000000 [03/Sep/2025:21:51:03 +0000] "GET /employee HTTP/1.1" 200 2 "-" "PostmanRuntime/7.45.0"
::1 - 300000000 [04/Sep/2025:14:52:31 +0000] "POST /employee HTTP/1.1" - - "-" "PostmanRuntime/7.45.0"
::1 - 300000000 [04/Sep/2025:15:08:25 +0000] "POST /employee HTTP/1.1" - - "-" "PostmanRuntime/7.45.0"
::1 - 300000000 [04/Sep/2025:15:16:15 +0000] "POST /employee HTTP/1.1" 500 173 "-" "PostmanRuntime/7.45.0"
::1 - 300000000 [04/Sep/2025:15:21:10 +0000] "POST /employee HTTP/1.1" 201 179 "-" "PostmanRuntime/7.45.0"
::1 - 300000000 [04/Sep/2025:15:32:31 +0000] "POST /employee HTTP/1.1" 201 178 "-" "PostmanRuntime/7.45.0"
::1 - 300000000 [04/Sep/2025:15:36:26 +0000] "POST /employee HTTP/1.1" 201 - "-" "PostmanRuntime/7.45.0"
::1 - 300000000 [04/Sep/2025:15:39:03 +0000] "POST /employee HTTP/1.1" 500 20 "-" "PostmanRuntime/7.45.0"
::1 - 300000000 [04/Sep/2025:15:39:12 +0000] "POST /employee HTTP/1.1" 500 20 "-" "PostmanRuntime/7.45.0"
::1 - 300000000 [04/Sep/2025:15:41:56 +0000] "POST /employee HTTP/1.1" 500 20 "-" "PostmanRuntime/7.45.0"
::1 - 300000000 [04/Sep/2025:15:42:56 +0000] "POST /employee HTTP/1.1" 500 20 "-" "PostmanRuntime/7.45.0"
::1 - 300000000 [04/Sep/2025:15:44:26 +0000] "POST /employee HTTP/1.1" 201 - "-" "PostmanRuntime/7.45.0"
::1 - 300000000 [04/Sep/2025:15:47:33 +0000] "POST /employee HTTP/1.1" 201 - "-" "PostmanRuntime/7.45.0"
::1 - 300000000 [04/Sep/2025:15:49:37 +0000] "POST /employee HTTP/1.1" 500 20 "-" "PostmanRuntime/7.45.0"
::1 - 300000000 [04/Sep/2025:15:49:39 +0000] "POST /employee HTTP/1.1" 500 20 "-" "PostmanRuntime/7.45.0"
::1 - 300000000 [04/Sep/2025:16:04:27 +0000] "POST /employee HTTP/1.1" 500 20 "-" "PostmanRuntime/7.45.0"
::1 - 300000000 [04/Sep/2025:16:22:03 +0000] "POST /employee HTTP/1.1" 500 20 "-" "PostmanRuntime/7.45.0"
::1 - 300000000 [04/Sep/2025:16:22:05 +0000] "POST /employee HTTP/1.1" 500 20 "-" "PostmanRuntime/7.45.0"
::1 - 300000000 [04/Sep/2025:16:22:42 +0000] "POST /employee HTTP/1.1" 500 20 "-" "PostmanRuntime/7.45.0"
::1 - 300000000 [04/Sep/2025:16:22:50 +0000] "GET /employee HTTP/1.1" 200 636 "-" "PostmanRuntime/7.45.0"
::1 - 300000000 [04/Sep/2025:16:23:13 +0000] "GET /employee HTTP/1.1" 200 636 "-" "PostmanRuntime/7.45.0"
::1 - 300000000 [04/Sep/2025:16:27:54 +0000] "GET /employee HTTP/1.1" 200 2 "-" "PostmanRuntime/7.45.0"
::1 - 300000000 [04/Sep/2025:16:30:53 +0000] "GET /employee/308fd6e1-e528-4ccb-813f-87ffbaa34812 HTTP/1.1" - - "-" "PostmanRuntime/7.45.0"
::1 - 300000000 [04/Sep/2025:16:31:54 +0000] "GET /employee/308fd6e1-e528-4ccb-813f-87ffbaa34812 HTTP/1.1" 200 559 "-" "PostmanRuntime/7.45.0"
::1 - 300000000 [04/Sep/2025:16:35:51 +0000] "DELETE /employee/308fd6e1-e528-4ccb-813f-87ffbaa34812 HTTP/1.1" 400 18 "-" "PostmanRuntime/7.45.0"
::1 - 300000000 [04/Sep/2025:16:43:55 +0000] "DELETE /employee/308fd6e1-e528-4ccb-813f-87ffbaa34812 HTTP/1.1" 400 18 "-" "PostmanRuntime/7.45.0"
::1 - 300000000 [04/Sep/2025:16:44:36 +0000] "DELETE /employee/308fd6e1-e528-4ccb-813f-87ffbaa34812 HTTP/1.1" 400 18 "-" "PostmanRuntime/7.45.0"
::1 - 300000000 [04/Sep/2025:16:45:02 +0000] "DELETE /employee/8fa96771-aa74-4017-875f-da4e41f0fb48 HTTP/1.1" 400 18 "-" "PostmanRuntime/7.45.0"
::1 - 300000000 [04/Sep/2025:16:47:26 +0000] "DELETE /employee/8fa96771-aa74-4017-875f-da4e41f0fb48 HTTP/1.1" 200 206 "-" "PostmanRuntime/7.45.0"
::1 - 300000000 [04/Sep/2025:16:47:46 +0000] "GET /employee HTTP/1.1" 200 197 "-" "PostmanRuntime/7.45.0"
::1 - 300000000 [04/Sep/2025:18:45:06 +0000] "POST /employee HTTP/1.1" 500 20 "-" "PostmanRuntime/7.45.0"
::1 - 300000000 [04/Sep/2025:18:46:09 +0000] "POST /employee HTTP/1.1" 500 20 "-" "PostmanRuntime/7.45.0"
::1 - 300000000 [04/Sep/2025:18:59:13 +0000] "POST /employee HTTP/1.1" 500 20 "-" "PostmanRuntime/7.45.0"
::1 - 300000000 [04/Sep/2025:19:05:06 +0000] "POST /employee HTTP/1.1" - - "-" "PostmanRuntime/7.45.0"
::1 - - [04/Sep/2025:19:05:19 +0000] "POST /employee HTTP/1.1" - - "-" "PostmanRuntime/7.45.0"
::1 - - [04/Sep/2025:19:11:24 +0000] "POST /employee HTTP/1.1" 201 - "-" "PostmanRuntime/7.45.0"
::1 - 300000000 [04/Sep/2025:19:12:52 +0000] "DELETE /employee/308fd6e1-e528-4ccb-813f-87ffbaa34812 HTTP/1.1" - - "-" "PostmanRuntime/7.45.0"
::1 - - [04/Sep/2025:19:13:03 +0000] "DELETE /employee/308fd6e1-e528-4ccb-813f-87ffbaa34812 HTTP/1.1" - - "-" "PostmanRuntime/7.45.0"
::1 - - [04/Sep/2025:19:13:25 +0000] "DELETE /employee/8590afd2-7bdb-4581-8f60-c97d583c3d97 HTTP/1.1" 200 193 "-" "PostmanRuntime/7.45.0"
::1 - 300000000 [04/Sep/2025:19:13:39 +0000] "GET /employee HTTP/1.1" 200 391 "-" "PostmanRuntime/7.45.0"
::1 - - [04/Sep/2025:19:21:22 +0000] "DELETE /employee/8590afd2-7bdb-4581-8f60-c97d583c3d97 HTTP/1.1" - - "-" "PostmanRuntime/7.45.0"
::1 - - [04/Sep/2025:19:21:42 +0000] "POST /employee HTTP/1.1" 201 - "-" "PostmanRuntime/7.45.0"
::1 - - [04/Sep/2025:19:22:19 +0000] "DELETE /employee/6817ef15-088e-4fa8-b9d4-df1a589c6443 HTTP/1.1" 200 188 "-" "PostmanRuntime/7.45.0"
::1 - - [04/Sep/2025:19:27:53 +0000] "GET /employee/6817ef15-088e-4fa8-b9d4-df1a589c6443 HTTP/1.1" 200 197 "-" "PostmanRuntime/7.45.0"
::1 - - [04/Sep/2025:19:30:49 +0000] "PUT /employee/roles HTTP/1.1" - - "-" "PostmanRuntime/7.45.0"
::1 - - [04/Sep/2025:19:36:37 +0000] "PUT /employee/roles HTTP/1.1" - - "-" "PostmanRuntime/7.45.0"
::1 - - [04/Sep/2025:19:36:54 +0000] "PUT /employee/roles HTTP/1.1" - - "-" "PostmanRuntime/7.45.0"
::1 - - [04/Sep/2025:19:37:59 +0000] "PUT /employee/roles HTTP/1.1" - - "-" "PostmanRuntime/7.45.0"
::1 - - [04/Sep/2025:19:40:29 +0000] "PUT /employee/roles HTTP/1.1" - - "-" "PostmanRuntime/7.45.0"
::1 - - [04/Sep/2025:19:44:00 +0000] "PUT /employee/roles HTTP/1.1" - - "-" "PostmanRuntime/7.45.0"
::1 - - [04/Sep/2025:19:46:38 +0000] "PUT /employee/roles HTTP/1.1" - - "-" "PostmanRuntime/7.45.0"
::1 - - [04/Sep/2025:19:49:39 +0000] "PUT /employee/roles/6817ef15-088e-4fa8-b9d4-df1a589c6443/manager HTTP/1.1" 200 265 "-" "PostmanRuntime/7.45.0"
::1 - - [04/Sep/2025:20:05:23 +0000] "PUT /employee/roles/6817ef15-088e-4fa8-b9d4-df1a589c6443/crew HTTP/1.1" 200 188 "-" "PostmanRuntime/7.45.0"
::1 - - [04/Sep/2025:20:13:41 +0000] "PUT /employee/6817ef15-088e-4fa8-b9d4-df1a589c6443 HTTP/1.1" 200 194 "-" "PostmanRuntime/7.45.0"
::1 - - [04/Sep/2025:20:17:34 +0000] "PATCH /employee/password HTTP/1.1" 500 20 "-" "PostmanRuntime/7.45.0"
::1 - - [04/Sep/2025:20:20:02 +0000] "PATCH /employee/password HTTP/1.1" 500 20 "-" "PostmanRuntime/7.45.0"
::1 - - [04/Sep/2025:20:21:19 +0000] "PATCH /employee/password HTTP/1.1" 500 20 "-" "PostmanRuntime/7.45.0"
::1 - - [04/Sep/2025:20:23:04 +0000] "PATCH /employee/password HTTP/1.1" 500 20 "-" "PostmanRuntime/7.45.0"
::1 - - [04/Sep/2025:20:24:24 +0000] "PATCH /employee/password HTTP/1.1" 500 20 "-" "PostmanRuntime/7.45.0"
::1 - - [04/Sep/2025:20:26:15 +0000] "PATCH /employee/password HTTP/1.1" 204 - "-" "PostmanRuntime/7.45.0"
::1 - - [04/Sep/2025:20:27:02 +0000] "PATCH /employee/password HTTP/1.1" 204 - "-" "PostmanRuntime/7.45.0"
::1 - - [04/Sep/2025:20:27:24 +0000] "PATCH /employee/password HTTP/1.1" 204 - "-" "PostmanRuntime/7.45.0"
::1 - 300000000 [05/Sep/2025:10:43:02 +0000] "GET /employee HTTP/1.1" 200 2 "-" "PostmanRuntime/7.45.0"
::1 - - [05/Sep/2025:10:43:09 +0000] "POST /employee HTTP/1.1" 500 20 "-" "PostmanRuntime/7.45.0"
::1 - - [05/Sep/2025:10:45:12 +0000] "POST /employee HTTP/1.1" 500 20 "-" "PostmanRuntime/7.45.0"
::1 - - [05/Sep/2025:10:45:31 +0000] "POST /employee HTTP/1.1" 500 20 "-" "PostmanRuntime/7.45.0"
::1 - - [06/Sep/2025:10:10:27 +0000] "POST /employee HTTP/1.1" 201 197 "-" "PostmanRuntime/7.45.0"
::1 - - [06/Sep/2025:10:10:59 +0000] "POST /employee HTTP/1.1" 201 197 "-" "PostmanRuntime/7.45.0"
::1 - - [06/Sep/2025:10:11:13 +0000] "POST /employee HTTP/1.1" 201 200 "-" "PostmanRuntime/7.45.0"
::1 - - [06/Sep/2025:10:11:34 +0000] "POST /employee HTTP/1.1" 201 198 "-" "PostmanRuntime/7.45.0"
::1 - 300000000 [06/Sep/2025:10:12:03 +0000] "GET /employee HTTP/1.1" 200 805 "-" "PostmanRuntime/7.45.0"
::1 - - [06/Sep/2025:10:12:13 +0000] "DELETE /employee/6817ef15-088e-4fa8-b9d4-df1a589c6443 HTTP/1.1" 404 60 "-" "PostmanRuntime/7.45.0"
::1 - - [06/Sep/2025:10:12:40 +0000] "DELETE /employee/0b248710-9062-46a2-94c5-bd9130ab66dd HTTP/1.1" 500 20 "-" "PostmanRuntime/7.45.0"
::1 - - [06/Sep/2025:10:12:50 +0000] "DELETE /employee/0b248710-9062-46a2-94c5-bd9130ab66dd HTTP/1.1" 404 60 "-" "PostmanRuntime/7.45.0"
::1 - - [06/Sep/2025:10:12:59 +0000] "DELETE /employee/0b248710-9062-46a2-94c5-bd9130ab66dd HTTP/1.1" 404 60 "-" "PostmanRuntime/7.45.0"
::1 - - [06/Sep/2025:10:15:45 +0000] "PUT /employee/roles/6817ef15-088e-4fa8-b9d4-df1a589c6443/crew HTTP/1.1" 404 60 "-" "PostmanRuntime/7.45.0"
::1 - - [06/Sep/2025:10:15:53 +0000] "PUT /employee/roles/6817ef15-088e-4fa8-b9d4-df1a589c6443/crew HTTP/1.1" 404 60 "-" "PostmanRuntime/7.45.0"
::1 - - [06/Sep/2025:10:18:28 +0000] "DELETE /employee/e4b00489-c376-4ea8-802d-24de853a6c60 HTTP/1.1" 500 20 "-" "PostmanRuntime/7.45.0"
::1 - - [06/Sep/2025:10:19:03 +0000] "DELETE /employee/e4b00489-c376-4ea8-802d-24de853a6c60 HTTP/1.1" 404 60 "-" "PostmanRuntime/7.45.0"
::1 - - [06/Sep/2025:10:21:07 +0000] "DELETE /employee/e4b00489-c376-4ea8-802d-24de853a6c60 HTTP/1.1" 404 60 "-" "PostmanRuntime/7.45.0"
::1 - - [06/Sep/2025:10:23:08 +0000] "DELETE /employee HTTP/1.1" 404 14 "-" "PostmanRuntime/7.45.0"
::1 - - [06/Sep/2025:10:23:10 +0000] "DELETE /employee HTTP/1.1" 404 14 "-" "PostmanRuntime/7.45.0"
::1 - - [06/Sep/2025:10:23:12 +0000] "DELETE /employee HTTP/1.1" 404 14 "-" "PostmanRuntime/7.45.0"
::1 - - [06/Sep/2025:10:23:18 +0000] "DELETE /employee/ HTTP/1.1" 404 14 "-" "PostmanRuntime/7.45.0"
::1 - - [06/Sep/2025:10:24:14 +0000] "DELETE /employee/e4b00489-c376-4ea8-802d-24de853a6c60 HTTP/1.1" 404 60 "-" "PostmanRuntime/7.45.0"
::1 - - [06/Sep/2025:10:27:47 +0000] "DELETE /employee/e4b00489-c376-4ea8-802d-24de853a6c60 HTTP/1.1" 404 60 "-" "PostmanRuntime/7.45.0"
::1 - - [06/Sep/2025:10:27:49 +0000] "DELETE /employee/e4b00489-c376-4ea8-802d-24de853a6c60 HTTP/1.1" 404 60 "-" "PostmanRuntime/7.45.0"
::1 - - [06/Sep/2025:10:29:55 +0000] "DELETE /employee/e4b00489-c376-4ea8-802d-24de853a6c60 HTTP/1.1" 404 60 "-" "PostmanRuntime/7.45.0"
::1 - - [06/Sep/2025:10:30:41 +0000] "DELETE /employee/e4b00489-c376-4ea8-802d-24de853a6c60 HTTP/1.1" 404 60 "-" "PostmanRuntime/7.45.0"
::1 - - [06/Sep/2025:10:32:07 +0000] "DELETE /employee/3a555556-211d-4b01-999e-bef8e18af452 HTTP/1.1" 500 20 "-" "PostmanRuntime/7.45.0"
::1 - - [06/Sep/2025:10:32:49 +0000] "DELETE /employee HTTP/1.1" 404 14 "-" "PostmanRuntime/7.45.0"
::1 - - [06/Sep/2025:10:33:05 +0000] "DELETE /employee/86edc84e-fda2-4b08-89e8-16fee3fe2933 HTTP/1.1" 500 20 "-" "PostmanRuntime/7.45.0"
::1 - - [06/Sep/2025:10:35:47 +0000] "DELETE /employee/86edc84e-fda2-4b08-89e8-16fee3fe2933 HTTP/1.1" 404 60 "-" "PostmanRuntime/7.45.0"
::1 - - [06/Sep/2025:10:36:07 +0000] "POST /employee HTTP/1.1" 201 198 "-" "PostmanRuntime/7.45.0"
::1 - - [06/Sep/2025:10:36:28 +0000] "DELETE /employee/8654e094-15ea-44c0-ae06-f0185bf32113 HTTP/1.1" 500 20 "-" "PostmanRuntime/7.45.0"
::1 - - [06/Sep/2025:10:38:13 +0000] "POST /employee HTTP/1.1" 201 198 "-" "PostmanRuntime/7.45.0"
::1 - - [06/Sep/2025:10:38:31 +0000] "DELETE /employee/5d58df22-e9ca-4f73-abb7-eb9d85a48a7e HTTP/1.1" 200 142 "-" "PostmanRuntime/7.45.0"
::1 - 300000000 [06/Sep/2025:10:41:25 +0000] "GET /employee HTTP/1.1" 200 2 "-" "PostmanRuntime/7.45.0"
::1 - 300000000 [06/Sep/2025:10:42:17 +0000] "GET /employee HTTP/1.1" 200 152 "-" "PostmanRuntime/7.45.0"
::1 - - [06/Sep/2025:10:43:46 +0000] "GET /employee/6817ef15-088e-4fa8-b9d4-df1a589c6443 HTTP/1.1" 404 60 "-" "PostmanRuntime/7.45.0"
::1 - - [06/Sep/2025:10:43:57 +0000] "GET /employee/ HTTP/1.1" 200 152 "-" "PostmanRuntime/7.45.0"
::1 - - [06/Sep/2025:10:44:35 +0000] "GET /employee/ HTTP/1.1" 200 152 "-" "PostmanRuntime/7.45.0"
::1 - - [06/Sep/2025:10:45:40 +0000] "GET /employee/ HTTP/1.1" 200 152 "-" "PostmanRuntime/7.45.0"
::1 - - [06/Sep/2025:10:46:27 +0000] "GET /employee/ HTTP/1.1" 200 152 "-" "PostmanRuntime/7.45.0"
::1 - - [06/Sep/2025:10:48:33 +0000] "GET /employee/ HTTP/1.1" 200 152 "-" "PostmanRuntime/7.45.0"
::1 - - [06/Sep/2025:10:48:51 +0000] "GET /employee/ HTTP/1.1" 200 152 "-" "PostmanRuntime/7.45.0"
::1 - - [06/Sep/2025:10:52:28 +0000] "GET /employee/ HTTP/1.1" 200 152 "-" "PostmanRuntime/7.45.0"
::1 - - [06/Sep/2025:10:54:27 +0000] "GET /employee/ HTTP/1.1" 200 152 "-" "PostmanRuntime/7.45.0"
::1 - - [06/Sep/2025:10:57:29 +0000] "GET /employee/ HTTP/1.1" 200 152 "-" "PostmanRuntime/7.45.0"
::1 - - [06/Sep/2025:10:59:11 +0000] "GET /employee/ HTTP/1.1" 200 152 "-" "PostmanRuntime/7.45.0"
::1 - - [06/Sep/2025:10:59:32 +0000] "POST /employee HTTP/1.1" 201 198 "-" "PostmanRuntime/7.45.0"
::1 - - [06/Sep/2025:10:59:41 +0000] "GET /employee/ba56a283-ceb8-42ad-81b9-69937007e2aa HTTP/1.1" 404 48 "-" "PostmanRuntime/7.45.0"
::1 - - [06/Sep/2025:10:59:53 +0000] "GET /employee/ba56a283-ceb8-42ad-81b9-69937007e2aa HTTP/1.1" 404 48 "-" "PostmanRuntime/7.45.0"
::1 - - [06/Sep/2025:11:00:40 +0000] "GET /employee/ba56a283-ceb8-42ad-81b9-69937007e2aa HTTP/1.1" 404 48 "-" "PostmanRuntime/7.45.0"
::1 - - [06/Sep/2025:11:02:57 +0000] "GET /employee/ba56a283-ceb8-42ad-81b9-69937007e2aa HTTP/1.1" 200 208 "-" "PostmanRuntime/7.45.0"
::1 - - [06/Sep/2025:11:03:15 +0000] "GET /employee/ba56a283-ceb8-42ad-81b9-69937007e2aa HTTP/1.1" 200 208 "-" "PostmanRuntime/7.45.0"
::1 - - [06/Sep/2025:11:03:24 +0000] "GET /employee/ba56a283-ceb8-42ad-81b9-69937007e2aa0 HTTP/1.1" 404 76 "-" "PostmanRuntime/7.45.0"
::1 - - [06/Sep/2025:11:04:09 +0000] "GET /employee/ba56a283-ceb8-42ad-81b9-69937007e2aa0 HTTP/1.1" 404 76 "-" "PostmanRuntime/7.45.0"
::1 - - [06/Sep/2025:11:04:14 +0000] "GET /employee/ba56a283-ceb8-42ad-81b9-69937007e2aa HTTP/1.1" 200 208 "-" "PostmanRuntime/7.45.0"
::1 - - [06/Sep/2025:11:05:10 +0000] "GET /employee/ba56a283-ceb8-42ad-81b9-69937007e2aa HTTP/1.1" 200 208 "-" "PostmanRuntime/7.45.0"
::1 - - [06/Sep/2025:11:08:16 +0000] "GET /employee/ba56a283-ceb8-42ad-81b9-69937007e2aa HTTP/1.1" 200 208 "-" "PostmanRuntime/7.45.0"
::1 - - [06/Sep/2025:11:18:51 +0000] "PATCH /employee/password HTTP/1.1" 404 18 "-" "PostmanRuntime/7.45.0"
::1 - - [06/Sep/2025:11:19:26 +0000] "PATCH /employee/password HTTP/1.1" 404 60 "-" "PostmanRuntime/7.45.0"
::1 - - [06/Sep/2025:11:20:11 +0000] "PATCH /employee/password HTTP/1.1" 204 - "-" "PostmanRuntime/7.45.0"
::1 - - [06/Sep/2025:11:23:25 +0000] "PATCH /employee/password HTTP/1.1" 201 79 "-" "PostmanRuntime/7.45.0"
::1 - - [06/Sep/2025:11:25:54 +0000] "PUT /employee/roles HTTP/1.1" 500 20 "-" "PostmanRuntime/7.45.0"
::1 - - [06/Sep/2025:11:26:04 +0000] "PUT /employee/roles HTTP/1.1" 500 20 "-" "PostmanRuntime/7.45.0"
::1 - - [06/Sep/2025:11:33:52 +0000] "PUT /employee/roles HTTP/1.1" 500 20 "-" "PostmanRuntime/7.45.0"
::1 - - [06/Sep/2025:11:34:34 +0000] "PUT /employee/roles HTTP/1.1" 500 20 "-" "PostmanRuntime/7.45.0"
::1 - - [06/Sep/2025:11:35:41 +0000] "PUT /employee/roles HTTP/1.1" 500 20 "-" "PostmanRuntime/7.45.0"
::1 - - [06/Sep/2025:11:36:49 +0000] "PUT /employee/roles HTTP/1.1" 500 20 "-" "PostmanRuntime/7.45.0"
::1 - - [06/Sep/2025:11:37:07 +0000] "PUT /employee/roles HTTP/1.1" 500 20 "-" "PostmanRuntime/7.45.0"
::1 - - [06/Sep/2025:11:38:43 +0000] "PUT /employee/roles HTTP/1.1" 500 20 "-" "PostmanRuntime/7.45.0"
::1 - - [06/Sep/2025:11:40:21 +0000] "PUT /employee/roles HTTP/1.1" 500 20 "-" "PostmanRuntime/7.45.0"
::1 - - [06/Sep/2025:11:40:59 +0000] "PUT /employee/roles HTTP/1.1" 500 20 "-" "PostmanRuntime/7.45.0"
::1 - - [06/Sep/2025:11:42:30 +0000] "PUT /employee/roles HTTP/1.1" 500 20 "-" "PostmanRuntime/7.45.0"
::1 - - [06/Sep/2025:11:44:00 +0000] "PUT /employee/roles HTTP/1.1" 500 20 "-" "PostmanRuntime/7.45.0"
::1 - - [06/Sep/2025:11:44:08 +0000] "PUT /employee/roles HTTP/1.1" 500 20 "-" "PostmanRuntime/7.45.0"
::1 - - [06/Sep/2025:11:48:29 +0000] "PUT /employee/roles HTTP/1.1" 500 20 "-" "PostmanRuntime/7.45.0"
::1 - - [06/Sep/2025:11:49:49 +0000] "PUT /employee/roles HTTP/1.1" 500 20 "-" "PostmanRuntime/7.45.0"
::1 - - [06/Sep/2025:11:49:55 +0000] "PUT /employee/roles HTTP/1.1" 500 20 "-" "PostmanRuntime/7.45.0"
::1 - - [06/Sep/2025:11:52:49 +0000] "PUT /employee/roles HTTP/1.1" 500 20 "-" "PostmanRuntime/7.45.0"
::1 - - [06/Sep/2025:11:55:23 +0000] "PUT /employee/roles/ba56a283-ceb8-42ad-81b9-69937007e2aa/mng HTTP/1.1" 404 14 "-" "PostmanRuntime/7.45.0"
::1 - - [06/Sep/2025:11:56:31 +0000] "PUT /employee/roles/ba56a283-ceb8-42ad-81b9-69937007e2aa/mng HTTP/1.1" 400 12 "-" "PostmanRuntime/7.45.0"
::1 - - [06/Sep/2025:11:56:41 +0000] "PUT /employee/roles/ba56a283-ceb8-42ad-81b9-69937007e2aa/crew HTTP/1.1" 200 206 "-" "PostmanRuntime/7.45.0"
::1 - - [06/Sep/2025:11:57:03 +0000] "PUT /employee/roles/ba56a283-ceb8-42ad-81b9-69937007e2aa/manager HTTP/1.1" 200 209 "-" "PostmanRuntime/7.45.0"
::1 - - [06/Sep/2025:12:02:53 +0000] "PUT /employee/6817ef15-088e-4fa8-b9d4-df1a589c6443 HTTP/1.1" 404 36 "-" "PostmanRuntime/7.45.0"
::1 - - [06/Sep/2025:12:03:14 +0000] "PUT /employee/ba56a283-ceb8-42ad-81b9-69937007e2aa HTTP/1.1" 404 36 "-" "PostmanRuntime/7.45.0"
::1 - - [06/Sep/2025:12:03:55 +0000] "PUT /employee/ba56a283-ceb8-42ad-81b9-69937007e2aa HTTP/1.1" 500 20 "-" "PostmanRuntime/7.45.0"
::1 - - [06/Sep/2025:12:11:01 +0000] "PUT /employee/ba56a283-ceb8-42ad-81b9-69937007e2aa HTTP/1.1" 500 20 "-" "PostmanRuntime/7.45.0"
::1 - - [06/Sep/2025:12:20:40 +0000] "PUT /employee/ba56a283-ceb8-42ad-81b9-69937007e2aa HTTP/1.1" 500 20 "-" "PostmanRuntime/7.45.0"
::1 - - [06/Sep/2025:12:21:49 +0000] "PUT /employee/ba56a283-ceb8-42ad-81b9-69937007e2aa HTTP/1.1" 500 20 "-" "PostmanRuntime/7.45.0"
::1 - - [06/Sep/2025:12:22:54 +0000] "PUT /employee/ba56a283-ceb8-42ad-81b9-69937007e2aa HTTP/1.1" 200 42 "-" "PostmanRuntime/7.45.0"
::1 - - [06/Sep/2025:12:23:50 +0000] "PUT /employee/ba56a283-ceb8-42ad-81b9-69937007e2aa HTTP/1.1" 200 39 "-" "PostmanRuntime/7.45.0"
::1 - - [07/Sep/2025:16:44:48 +0000] "GET /shift/activity HTTP/1.1" - - "-" "PostmanRuntime/7.45.0"
::1 - - [07/Sep/2025:16:47:13 +0000] "GET /shift/activity HTTP/1.1" - - "-" "PostmanRuntime/7.45.0"
::1 - - [07/Sep/2025:16:49:13 +0000] "GET /shift/activity HTTP/1.1" - - "-" "PostmanRuntime/7.45.0"
::1 - - [07/Sep/2025:16:49:42 +0000] "GET /shift/activity HTTP/1.1" - - "-" "PostmanRuntime/7.45.0"
::1 - - [07/Sep/2025:16:50:54 +0000] "GET /shift/activity HTTP/1.1" - - "-" "PostmanRuntime/7.45.0"
::1 - - [07/Sep/2025:16:52:09 +0000] "GET /shift/activity HTTP/1.1" - - "-" "PostmanRuntime/7.45.0"
::1 - - [07/Sep/2025:16:53:40 +0000] "GET /shift/activity HTTP/1.1" - - "-" "PostmanRuntime/7.45.0"
::1 - - [07/Sep/2025:16:58:57 +0000] "GET /shift/activity HTTP/1.1" - - "-" "PostmanRuntime/7.45.0"
::1 - - [07/Sep/2025:17:04:27 +0000] "GET /shift/ping HTTP/1.1" 200 4 "-" "PostmanRuntime/7.45.0"
::1 - - [07/Sep/2025:17:05:26 +0000] "GET /shift/staff HTTP/1.1" 200 30 "-" "PostmanRuntime/7.45.0"
::1 - - [07/Sep/2025:17:06:33 +0000] "GET /shift/staff HTTP/1.1" 200 2 "-" "PostmanRuntime/7.45.0"
::1 - - [07/Sep/2025:18:43:25 +0000] "GET /shift/activity HTTP/1.1" 500 20 "-" "PostmanRuntime/7.45.0"
::1 - - [07/Sep/2025:18:43:45 +0000] "GET /shift/activity HTTP/1.1" 200 19 "-" "PostmanRuntime/7.45.0"
::1 - - [07/Sep/2025:19:04:40 +0000] "PUT /shift/start_staff HTTP/1.1" 500 20 "-" "PostmanRuntime/7.45.0"
::1 - - [07/Sep/2025:19:05:15 +0000] "PUT /shift/start_staff HTTP/1.1" 200 39 "-" "PostmanRuntime/7.45.0"
::1 - - [07/Sep/2025:19:09:09 +0000] "PUT /shift/start_staff HTTP/1.1" 201 54 "-" "PostmanRuntime/7.45.0"
::1 - - [07/Sep/2025:19:14:02 +0000] "PUT /shift/start_staff HTTP/1.1" 500 20 "-" "PostmanRuntime/7.45.0"
::1 - - [07/Sep/2025:19:14:14 +0000] "PUT /shift/finish_staff HTTP/1.1" 404 42 "-" "PostmanRuntime/7.45.0"
::1 - - [07/Sep/2025:19:14:41 +0000] "PUT /shift/finish_staff HTTP/1.1" 404 42 "-" "PostmanRuntime/7.45.0"
::1 - - [07/Sep/2025:19:16:10 +0000] "PUT /shift/finish_staff HTTP/1.1" 200 54 "-" "PostmanRuntime/7.45.0"
::1 - - [07/Sep/2025:19:21:37 +0000] "PUT /shift/breaks HTTP/1.1" 404 14 "-" "PostmanRuntime/7.45.0"
::1 - - [07/Sep/2025:19:22:00 +0000] "PUT /shift/breaks HTTP/1.1" 404 14 "-" "PostmanRuntime/7.45.0"
::1 - - [07/Sep/2025:19:22:08 +0000] "PATCH /shift/breaks HTTP/1.1" 404 42 "-" "PostmanRuntime/7.45.0"
::1 - - [07/Sep/2025:19:22:53 +0000] "PATCH /shift/breaks HTTP/1.1" 204 - "-" "PostmanRuntime/7.45.0"
::1 - - [07/Sep/2025:19:39:33 +0000] "PUT /shift/correct HTTP/1.1" 400 15 "-" "PostmanRuntime/7.45.0"
::1 - - [07/Sep/2025:19:40:40 +0000] "PUT /shift/correct HTTP/1.1" 200 43 "-" "PostmanRuntime/7.45.0"
